<?xml version="1.0" encoding="UTF-8"?>
<!-- Generated by org.testng.reporters.JUnitReportReporter -->
<testsuite skipped="0" hostname="MAA-5CG6278HV" name="acme.Login" tests="1" failures="0" timestamp="12 Oct 2019 10:31:04 GMT" time="16.599" errors="0">
  <testcase name="login" time="16.599" classname="acme.Login"/>
</testsuite> <!-- acme.Login -->
